[upplanet.com/bighero/mehr-demo/particles/index.html]
[backblue.gif]
[fade.gif]
[index.html]
[upplanet.com/bighero/mehr-demo/particles/img/favicon.ico]
[upplanet.com/bighero/mehr-demo/particles/img/logo.png]
[upplanet.com/bighero/mehr-demo/particles/img/office-space.jpg]
[upplanet.com/bighero/mehr-demo/particles/img/dashboard.png]
[upplanet.com/bighero/mehr-demo/particles/img/team/1.jpg]
[upplanet.com/bighero/mehr-demo/particles/img/team/2.jpg]
[upplanet.com/bighero/mehr-demo/particles/img/team/3.jpg]
[upplanet.com/bighero/mehr-demo/particles/img/team/4.jpg]
[upplanet.com/bighero/mehr-demo/particles/img/support/logo1.png]
[upplanet.com/bighero/mehr-demo/particles/img/support/logo2.png]
[upplanet.com/bighero/mehr-demo/particles/img/support/logo3.png]
[upplanet.com/bighero/mehr-demo/particles/img/support/logo4.png]
[upplanet.com/bighero/mehr-demo/particles/img/support/logo5.png]
[upplanet.com/bighero/mehr-demo/particles/img/testimonials/testimonial1.png]
[upplanet.com/bighero/mehr-demo/particles/img/testimonials/testimonial2.png]
[upplanet.com/bighero/mehr-demo/particles/img/testimonials/testimonial3.png]
[upplanet.com/bighero/mehr-demo/particles/js/jquery-2.1.4.min.js]
[upplanet.com/bighero/mehr-demo/particles/js/bootstrap.min.js]
[upplanet.com/bighero/mehr-demo/particles/js/jquery.easing.1.3.min.js]
[upplanet.com/bighero/mehr-demo/particles/js/jquery.sticky.js]
[upplanet.com/bighero/mehr-demo/particles/js/owl.carousel.min.js]
[upplanet.com/bighero/mehr-demo/particles/js/jquery.magnific-popup.min.js]
[upplanet.com/bighero/mehr-demo/particles/js/jqBootstrapValidation.js]
[upplanet.com/bighero/mehr-demo/particles/js/typed.min.js]
[upplanet.com/bighero/mehr-demo/particles/js/particles.js]
[upplanet.com/bighero/mehr-demo/particles/js/wow.min.js]
[upplanet.com/bighero/mehr-demo/particles/js/custom.js]
[upplanet.com/bighero/mehr-demo/particles/index.html]
[upplanet.com/bighero/mehr-demo/particles/css/bootstrap.min.css]
[upplanet.com/bighero/mehr-demo/particles/fonts/fontawesome-webfont9efe.eot]
[upplanet.com/bighero/mehr-demo/particles/fonts/fontawesome-webfontd41d.eot]
[upplanet.com/bighero/mehr-demo/particles/fonts/fontawesome-webfont9efe.woff2]
[upplanet.com/bighero/mehr-demo/particles/fonts/fontawesome-webfont9efe.woff]
[upplanet.com/bighero/mehr-demo/particles/fonts/fontawesome-webfont9efe.ttf]
[upplanet.com/bighero/mehr-demo/particles/css/font-awesome.min.css]
[upplanet.com/bighero/mehr-demo/particles/css/magnific-popup.css]
[upplanet.com/bighero/mehr-demo/particles/css/animate.min.css]
[upplanet.com/bighero/mehr-demo/particles/img/arrow.png]
[upplanet.com/bighero/mehr-demo/particles/img/header-bg.jpg]
[upplanet.com/bighero/mehr-demo/particles/img/footer-bg.jpg]
[upplanet.com/bighero/mehr-demo/particles/css/style.css]
[upplanet.com/bighero/mehr-demo/particles/fonts/glyphicons-halflings-regular.html]
[upplanet.com/bighero/mehr-demo/particles/fonts/glyphicons-halflings-regulard41d.html]
[upplanet.com/bighero/mehr-demo/particles/fonts/glyphicons-halflings-regular-2.html]
[upplanet.com/bighero/mehr-demo/particles/fonts/glyphicons-halflings-regular-3.html]
[upplanet.com/bighero/mehr-demo/particles/fonts/glyphicons-halflings-regular-4.html]
[upplanet.com/bighero/mehr-demo/particles/fonts/glyphicons-halflings-regular-5.html]
[upplanet.com/bighero/mehr-demo/particles/fonts/fontawesome-webfont9efe.svg]
